<?xml version="1.0" encoding="UTF-8"?>
<!-- Generated by org.testng.reporters.JUnitXMLReporter -->
<testsuite ignored="0" hostname="DESKTOP-Q7S0LT0" failures="0" tests="3" name="Test-1" time="377.65" errors="0" timestamp="2024-10-08T13:32:41 IST">
  <testcase classname="practice.testng.baseclass.DistributedParallelExecution.orgtest.CreateOrganizationTest" name="createOrganizationTest" time="116.524"/>
  <testcase classname="practice.testng.baseclass.DistributedParallelExecution.orgtest.CreateOrganizationTest" name="createOrganizationWithIndustriesTest" time="32.225"/>
  <testcase classname="practice.testng.baseclass.DistributedParallelExecution.orgtest.CreateOrganizationTest" name="createOrganizationWithPhoneNumberTest" time="14.59"/>
</testsuite> <!-- Test-1 -->
