<?xml version="1.0" encoding="UTF-8"?>
<!-- Generated by org.testng.reporters.JUnitXMLReporter -->
<testsuite ignored="0" hostname="DESKTOP-Q7S0LT0" failures="0" tests="3" name="Test-2" time="390.971" errors="0" timestamp="2024-10-08T13:32:54 IST">
  <testcase classname="practice.testng.baseclass.DistributedParallelExecution.contacttest.CreateContactTest" name="createContactTest" time="118.722"/>
  <testcase classname="practice.testng.baseclass.DistributedParallelExecution.contacttest.CreateContactTest" name="createContactWithOrgTest" time="60.529"/>
  <testcase classname="practice.testng.baseclass.DistributedParallelExecution.contacttest.CreateContactTest" name="createContactWithSupportDateTest" time="14.359"/>
</testsuite> <!-- Test-2 -->
