<?xml version="1.0" encoding="UTF-8"?>
<!-- Generated by org.testng.reporters.JUnitReportReporter -->
<testsuite hostname="DESKTOP-Q7S0LT0" failures="0" tests="9" name="practice.testng.baseclass.CrossBrowserParallelExecution.contacttest.CreateContactTest" time="458.651" errors="0" timestamp="2024-10-08T15:41:38 IST" skipped="0">
  <testcase classname="practice.testng.baseclass.CrossBrowserParallelExecution.contacttest.CreateContactTest" name="createContactWithSupportDateTest" time="40.271"/>
  <testcase classname="practice.testng.baseclass.CrossBrowserParallelExecution.contacttest.CreateContactTest" name="createContactWithOrgTest" time="75.562"/>
  <testcase classname="practice.testng.baseclass.CrossBrowserParallelExecution.contacttest.CreateContactTest" name="createContactWithSupportDateTest" time="53.502"/>
  <testcase classname="practice.testng.baseclass.CrossBrowserParallelExecution.contacttest.CreateContactTest" name="createContactTest" time="60.103"/>
  <testcase classname="practice.testng.baseclass.CrossBrowserParallelExecution.contacttest.CreateContactTest" name="createContactTest" time="52.502"/>
  <testcase classname="practice.testng.baseclass.CrossBrowserParallelExecution.contacttest.CreateContactTest" name="createContactWithOrgTest" time="53.462"/>
  <testcase classname="practice.testng.baseclass.CrossBrowserParallelExecution.contacttest.CreateContactTest" name="createContactTest" time="34.380"/>
  <testcase classname="practice.testng.baseclass.CrossBrowserParallelExecution.contacttest.CreateContactTest" name="createContactWithSupportDateTest" time="36.357"/>
  <testcase classname="practice.testng.baseclass.CrossBrowserParallelExecution.contacttest.CreateContactTest" name="createContactWithOrgTest" time="52.512"/>
</testsuite> <!-- practice.testng.baseclass.CrossBrowserParallelExecution.contacttest.CreateContactTest -->
