<?xml version="1.0" encoding="UTF-8"?>
<!-- Generated by org.testng.reporters.JUnitReportReporter -->
<testsuite hostname="DESKTOP-Q7S0LT0" failures="0" tests="1" name="practice.testng.DataProvidersAnnotation.GetProductInfoDemoTest" time="113.138" errors="0" timestamp="2024-10-04T10:45:52 IST" skipped="0">
  <testcase classname="practice.testng.DataProvidersAnnotation.GetProductInfoDemoTest" name="getProductInfoTest" time="113.138"/>
</testsuite> <!-- practice.testng.DataProvidersAnnotation.GetProductInfoDemoTest -->
