<?xml version="1.0" encoding="UTF-8"?>
<!-- Generated by org.testng.reporters.JUnitReportReporter -->
<testsuite hostname="DESKTOP-Q7S0LT0" failures="0" tests="3" name="practice.testng.DataProvidersAnnotation.GetProductInfoTestWithDataProvidersAnnotation" time="191.118" errors="0" timestamp="2024-10-04T11:08:55 IST" skipped="0">
  <testcase classname="practice.testng.DataProvidersAnnotation.GetProductInfoTestWithDataProvidersAnnotation" name="getProductInfoTest" time="42.110"/>
  <testcase classname="practice.testng.DataProvidersAnnotation.GetProductInfoTestWithDataProvidersAnnotation" name="getProductInfoTest" time="89.811"/>
  <testcase classname="practice.testng.DataProvidersAnnotation.GetProductInfoTestWithDataProvidersAnnotation" name="getProductInfoTest" time="59.197"/>
</testsuite> <!-- practice.testng.DataProvidersAnnotation.GetProductInfoTestWithDataProvidersAnnotation -->
