<?xml version="1.0" encoding="UTF-8"?>
<!-- Generated by org.testng.reporters.JUnitReportReporter -->
<testsuite hostname="DESKTOP-Q7S0LT0" failures="0" tests="11" name="practice.testng.invocationCountAndEnabledFunctions.OrderTest" time="0.075" errors="0" timestamp="2024-10-03T18:26:22 IST" skipped="1">
  <testcase classname="practice.testng.invocationCountAndEnabledFunctions.OrderTest" name="createOrderTest" time="0.004"/>
  <testcase classname="practice.testng.invocationCountAndEnabledFunctions.OrderTest" name="createOrderTest" time="0.005"/>
  <testcase classname="practice.testng.invocationCountAndEnabledFunctions.OrderTest" name="createOrderTest" time="0.003"/>
  <testcase classname="practice.testng.invocationCountAndEnabledFunctions.OrderTest" name="createOrderTest" time="0.002"/>
  <testcase classname="practice.testng.invocationCountAndEnabledFunctions.OrderTest" name="createOrderTest" time="0.006"/>
  <testcase classname="practice.testng.invocationCountAndEnabledFunctions.OrderTest" name="createOrderTest" time="0.008"/>
  <testcase classname="practice.testng.invocationCountAndEnabledFunctions.OrderTest" name="createOrderTest" time="0.004"/>
  <testcase classname="practice.testng.invocationCountAndEnabledFunctions.OrderTest" name="createOrderTest" time="0.003"/>
  <testcase classname="practice.testng.invocationCountAndEnabledFunctions.OrderTest" name="createOrderTest" time="0.037"/>
  <testcase classname="practice.testng.invocationCountAndEnabledFunctions.OrderTest" name="createOrderTest" time="0.003"/>
  <testcase classname="practice.testng.invocationCountAndEnabledFunctions.OrderTest" name="billingAnOrderTest">
    <skipped/>
  </testcase> <!-- billingAnOrderTest -->
</testsuite> <!-- practice.testng.invocationCountAndEnabledFunctions.OrderTest -->
