<?xml version="1.0" encoding="UTF-8"?>
<!-- Generated by org.testng.reporters.JUnitReportReporter -->
<testsuite hostname="DESKTOP-Q7S0LT0" failures="0" tests="2" name="practice.testng.ReporterClass.ReporterClassExample1" time="0.020" errors="0" timestamp="2024-10-07T17:16:31 IST" skipped="0">
  <testcase classname="practice.testng.ReporterClass.ReporterClassExample1" name="homePageTest" time="0.016">
    <system-out>
      <![CDATA[homePageTest Test Start 
Step-1
Step-2
Step-3
Step-4
homePageTest Test End]]>
    </system-out>
  </testcase> <!-- homePageTest -->
  <testcase classname="practice.testng.ReporterClass.ReporterClassExample1" name="verifyLogoHomePageTest" time="0.004">
    <system-out>
      <![CDATA[verifyLogoHomePageTest Test Start 
Step-1
Step-2
Step-3
Step-4
verifyLogoHomePageTest Test End]]>
    </system-out>
  </testcase> <!-- verifyLogoHomePageTest -->
  <system-out>
    <![CDATA[homePageTest Test Start 
Step-1
Step-2
Step-3
Step-4
homePageTest Test End
verifyLogoHomePageTest Test Start 
Step-1
Step-2
Step-3
Step-4
verifyLogoHomePageTest Test End]]>
  </system-out>
</testsuite> <!-- practice.testng.ReporterClass.ReporterClassExample1 -->
