<?xml version="1.0" encoding="UTF-8"?>
<!-- Generated by org.testng.reporters.JUnitReportReporter -->
<testsuite hostname="DESKTOP-Q7S0LT0" failures="0" tests="3" name="practice.testng.baseclass.groupexecution.orgtest.CreateOrganizationTest" time="107.022" errors="0" timestamp="2024-10-08T15:02:52 IST" skipped="0">
  <testcase classname="practice.testng.baseclass.groupexecution.orgtest.CreateOrganizationTest" name="createOrganizationWithPhoneNumberTest" time="45.394"/>
  <testcase classname="practice.testng.baseclass.groupexecution.orgtest.CreateOrganizationTest" name="createOrganizationTest" time="37.703"/>
  <testcase classname="practice.testng.baseclass.groupexecution.orgtest.CreateOrganizationTest" name="createOrganizationWithIndustriesTest" time="23.925"/>
</testsuite> <!-- practice.testng.baseclass.groupexecution.orgtest.CreateOrganizationTest -->
