<?xml version="1.0" encoding="UTF-8"?>
<!-- Generated by org.testng.reporters.JUnitReportReporter -->
<testsuite hostname="DESKTOP-Q7S0LT0" failures="0" tests="3" name="practice.testng.DataProvidersAnnotation.CreateContact_DP_Test" time="0.021" errors="0" timestamp="2024-10-03T18:29:58 IST" skipped="0">
  <testcase classname="practice.testng.DataProvidersAnnotation.CreateContact_DP_Test" name="createContactTest" time="0.003"/>
  <testcase classname="practice.testng.DataProvidersAnnotation.CreateContact_DP_Test" name="createContactTest" time="0.002"/>
  <testcase classname="practice.testng.DataProvidersAnnotation.CreateContact_DP_Test" name="createContactTest" time="0.016"/>
</testsuite> <!-- practice.testng.DataProvidersAnnotation.CreateContact_DP_Test -->
