<?xml version="1.0" encoding="UTF-8"?>
<!-- Generated by org.testng.reporters.JUnitReportReporter -->
<testsuite hostname="DESKTOP-Q7S0LT0" failures="0" tests="2" name="practice.testng.ConfigurationAnnotation.ConfigAnnotation5Test" time="0.021" errors="0" timestamp="2024-10-04T15:41:12 IST" skipped="0">
  <testcase classname="practice.testng.ConfigurationAnnotation.ConfigAnnotation5Test" name="createOrg" time="0.013"/>
  <testcase classname="practice.testng.ConfigurationAnnotation.ConfigAnnotation5Test" name="createOrgWithIndustries" time="0.008"/>
</testsuite> <!-- practice.testng.ConfigurationAnnotation.ConfigAnnotation5Test -->
