<?xml version="1.0" encoding="UTF-8"?>
<!-- Generated by org.testng.reporters.JUnitReportReporter -->
<testsuite hostname="DESKTOP-Q7S0LT0" failures="0" tests="3" name="practice.testng.DataProvidersAnnotation.CreateContact_DP_Test2" time="0.032" errors="0" timestamp="2024-10-04T10:08:57 IST" skipped="0">
  <testcase classname="practice.testng.DataProvidersAnnotation.CreateContact_DP_Test2" name="createContactTest" time="0.002"/>
  <testcase classname="practice.testng.DataProvidersAnnotation.CreateContact_DP_Test2" name="createContactTest" time="0.028"/>
  <testcase classname="practice.testng.DataProvidersAnnotation.CreateContact_DP_Test2" name="createContactTest" time="0.002"/>
</testsuite> <!-- practice.testng.DataProvidersAnnotation.CreateContact_DP_Test2 -->
