<?xml version="1.0" encoding="UTF-8"?>
<!-- Generated by org.testng.reporters.JUnitReportReporter -->
<testsuite hostname="DESKTOP-Q7S0LT0" failures="0" tests="1" name="practice.testng.ConfigurationAnnotation.ConfigAnnotationBMTest" time="0.028" errors="0" timestamp="2024-10-04T15:38:52 IST" skipped="0">
  <testcase classname="practice.testng.ConfigurationAnnotation.ConfigAnnotationBMTest" name="createContact" time="0.028"/>
</testsuite> <!-- practice.testng.ConfigurationAnnotation.ConfigAnnotationBMTest -->
