<?xml version="1.0" encoding="UTF-8"?>
<!-- Generated by org.testng.reporters.JUnitReportReporter -->
<testsuite hostname="DESKTOP-Q7S0LT0" failures="0" tests="9" name="practice.testng.baseclass.CrossBrowserParallelExecution.orgtest.CreateOrganizationTest" time="329.295" errors="0" timestamp="2024-10-08T15:41:38 IST" skipped="0">
  <testcase classname="practice.testng.baseclass.CrossBrowserParallelExecution.orgtest.CreateOrganizationTest" name="createOrganizationWithPhoneNumberTest" time="23.453"/>
  <testcase classname="practice.testng.baseclass.CrossBrowserParallelExecution.orgtest.CreateOrganizationTest" name="createOrganizationWithPhoneNumberTest" time="29.697"/>
  <testcase classname="practice.testng.baseclass.CrossBrowserParallelExecution.orgtest.CreateOrganizationTest" name="createOrganizationTest" time="53.281"/>
  <testcase classname="practice.testng.baseclass.CrossBrowserParallelExecution.orgtest.CreateOrganizationTest" name="createOrganizationWithIndustriesTest" time="38.392"/>
  <testcase classname="practice.testng.baseclass.CrossBrowserParallelExecution.orgtest.CreateOrganizationTest" name="createOrganizationWithIndustriesTest" time="61.429"/>
  <testcase classname="practice.testng.baseclass.CrossBrowserParallelExecution.orgtest.CreateOrganizationTest" name="createOrganizationTest" time="25.973"/>
  <testcase classname="practice.testng.baseclass.CrossBrowserParallelExecution.orgtest.CreateOrganizationTest" name="createOrganizationWithIndustriesTest" time="42.947"/>
  <testcase classname="practice.testng.baseclass.CrossBrowserParallelExecution.orgtest.CreateOrganizationTest" name="createOrganizationWithPhoneNumberTest" time="31.097"/>
  <testcase classname="practice.testng.baseclass.CrossBrowserParallelExecution.orgtest.CreateOrganizationTest" name="createOrganizationTest" time="23.026"/>
</testsuite> <!-- practice.testng.baseclass.CrossBrowserParallelExecution.orgtest.CreateOrganizationTest -->
