<?xml version="1.0" encoding="UTF-8"?>
<!-- Generated by org.testng.reporters.JUnitReportReporter -->
<testsuite hostname="DESKTOP-Q7S0LT0" failures="0" tests="3" name="practice.testng.baseclass.simple.contacttest.CreateContactTest" time="115.596" errors="0" timestamp="2024-10-08T15:19:11 IST" skipped="0">
  <testcase classname="practice.testng.baseclass.simple.contacttest.CreateContactTest" name="createContactWithSupportDateTest" time="36.768"/>
  <testcase classname="practice.testng.baseclass.simple.contacttest.CreateContactTest" name="createContactTest" time="31.268"/>
  <testcase classname="practice.testng.baseclass.simple.contacttest.CreateContactTest" name="createContactWithOrgTest" time="47.560"/>
</testsuite> <!-- practice.testng.baseclass.simple.contacttest.CreateContactTest -->
