<?xml version="1.0" encoding="UTF-8"?>
<!-- Generated by org.testng.reporters.JUnitReportReporter -->
<testsuite hostname="DESKTOP-Q7S0LT0" failures="0" tests="3" name="practice.testng.baseclass.DistributedParallelExecution.orgtest.CreateOrganizationTest" time="349.052" errors="0" timestamp="2024-10-08T13:32:55 IST" skipped="0">
  <testcase classname="practice.testng.baseclass.DistributedParallelExecution.orgtest.CreateOrganizationTest" name="createOrganizationWithIndustriesTest" time="41.547"/>
  <testcase classname="practice.testng.baseclass.DistributedParallelExecution.orgtest.CreateOrganizationTest" name="createOrganizationTest" time="127.708"/>
  <testcase classname="practice.testng.baseclass.DistributedParallelExecution.orgtest.CreateOrganizationTest" name="createOrganizationWithPhoneNumberTest" time="179.797"/>
</testsuite> <!-- practice.testng.baseclass.DistributedParallelExecution.orgtest.CreateOrganizationTest -->
