<?xml version="1.0" encoding="UTF-8"?>
<!-- Generated by org.testng.reporters.JUnitReportReporter -->
<testsuite hostname="DESKTOP-Q7S0LT0" failures="0" tests="3" name="practice.contacttest.CreateContactTest" time="371.543" errors="0" timestamp="2024-10-04T17:23:46 IST" skipped="0">
  <testcase classname="practice.contacttest.CreateContactTest" name="createContactTest" time="74.170"/>
  <testcase classname="practice.contacttest.CreateContactTest" name="createContactWithSupportDateTest" time="254.665"/>
  <testcase classname="practice.contacttest.CreateContactTest" name="createContactWithOrgTest" time="42.708"/>
</testsuite> <!-- practice.contacttest.CreateContactTest -->
