<?xml version="1.0" encoding="UTF-8"?>
<!-- Generated by org.testng.reporters.JUnitReportReporter -->
<testsuite hostname="DESKTOP-Q7S0LT0" failures="0" tests="2" name="practice.testng.ConfigurationAnnotation.ConfigAnnotationBSASTest" time="0.020" errors="0" timestamp="2024-10-04T15:40:36 IST" skipped="0">
  <testcase classname="practice.testng.ConfigurationAnnotation.ConfigAnnotationBSASTest" name="createContact" time="0.014"/>
  <testcase classname="practice.testng.ConfigurationAnnotation.ConfigAnnotationBSASTest" name="createContactWithDate" time="0.006"/>
</testsuite> <!-- practice.testng.ConfigurationAnnotation.ConfigAnnotationBSASTest -->
