<?xml version="1.0" encoding="UTF-8"?>
<!-- Generated by org.testng.reporters.JUnitReportReporter -->
<testsuite hostname="DESKTOP-Q7S0LT0" failures="0" tests="3" name="practice.testng.dependsOnMethod.ContactTest" time="0.018" errors="0" timestamp="2024-10-03T18:13:07 IST" skipped="0">
  <testcase classname="practice.testng.dependsOnMethod.ContactTest" name="createContactTest" time="0.014"/>
  <testcase classname="practice.testng.dependsOnMethod.ContactTest" name="modifyContactTest" time="0.002"/>
  <testcase classname="practice.testng.dependsOnMethod.ContactTest" name="deleteContactTest" time="0.002"/>
</testsuite> <!-- practice.testng.dependsOnMethod.ContactTest -->
