<?xml version="1.0" encoding="UTF-8"?>
<!-- Generated by org.testng.reporters.JUnitReportReporter -->
<testsuite hostname="DESKTOP-Q7S0LT0" failures="0" tests="3" name="practice.orgtest.CreateOrganizationTest" time="182.004" errors="0" timestamp="2024-10-04T17:37:35 IST" skipped="0">
  <testcase classname="practice.orgtest.CreateOrganizationTest" name="createOrganizationWithIndustriesTest" time="21.914"/>
  <testcase classname="practice.orgtest.CreateOrganizationTest" name="createOrganizationWithPhoneNumberTest" time="108.488"/>
  <testcase classname="practice.orgtest.CreateOrganizationTest" name="createOrganizationTest" time="51.602"/>
</testsuite> <!-- practice.orgtest.CreateOrganizationTest -->
