<?xml version="1.0" encoding="UTF-8"?>
<!-- Generated by org.testng.reporters.JUnitReportReporter -->
<testsuite hostname="DESKTOP-Q7S0LT0" failures="0" tests="2" name="practice.testng.Assertions.HomePageVerificationTest" time="252.547" errors="0" timestamp="2024-10-07T13:05:27 IST" skipped="0">
  <testcase classname="practice.testng.Assertions.HomePageVerificationTest" name="verifyLogoHomePageTest" time="167.042"/>
  <testcase classname="practice.testng.Assertions.HomePageVerificationTest" name="homePageTest" time="85.505"/>
</testsuite> <!-- practice.testng.Assertions.HomePageVerificationTest -->
