<?xml version="1.0" encoding="UTF-8"?>
<!-- Generated by org.testng.reporters.JUnitReportReporter -->
<testsuite hostname="DESKTOP-Q7S0LT0" failures="0" tests="2" name="practice.testng.Assertions.HomePageVerificationTest1" time="79.890" errors="0" timestamp="2024-10-07T13:08:12 IST" skipped="0">
  <testcase classname="practice.testng.Assertions.HomePageVerificationTest1" name="verifyLogoHomePageTest" time="39.205"/>
  <testcase classname="practice.testng.Assertions.HomePageVerificationTest1" name="homePageTest" time="40.685"/>
</testsuite> <!-- practice.testng.Assertions.HomePageVerificationTest1 -->
