<?xml version="1.0" encoding="UTF-8"?>
<!-- Generated by org.testng.reporters.JUnitReportReporter -->
<testsuite hostname="DESKTOP-Q7S0LT0" failures="0" tests="3" name="practice.testng.baseclass.listener.contacttest.CreateContactTest" time="148.363" errors="0" timestamp="2024-10-08T15:24:03 IST" skipped="0">
  <testcase classname="practice.testng.baseclass.listener.contacttest.CreateContactTest" name="createContactWithOrgTest" time="53.366"/>
  <testcase classname="practice.testng.baseclass.listener.contacttest.CreateContactTest" name="createContactTest" time="46.432"/>
  <testcase classname="practice.testng.baseclass.listener.contacttest.CreateContactTest" name="createContactWithSupportDateTest" time="48.565"/>
</testsuite> <!-- practice.testng.baseclass.listener.contacttest.CreateContactTest -->
