<?xml version="1.0" encoding="UTF-8"?>
<!-- Generated by org.testng.reporters.JUnitReportReporter -->
<testsuite hostname="DESKTOP-Q7S0LT0" failures="0" tests="3" name="practice.testng.DataProvidersAnnotation.GetProductInfoUsingExcelTest" time="491.787" errors="0" timestamp="2024-10-04T11:42:27 IST" skipped="0">
  <testcase classname="practice.testng.DataProvidersAnnotation.GetProductInfoUsingExcelTest" name="getProductInfoTest" time="266.024"/>
  <testcase classname="practice.testng.DataProvidersAnnotation.GetProductInfoUsingExcelTest" name="getProductInfoTest" time="126.667"/>
  <testcase classname="practice.testng.DataProvidersAnnotation.GetProductInfoUsingExcelTest" name="getProductInfoTest" time="99.096"/>
</testsuite> <!-- practice.testng.DataProvidersAnnotation.GetProductInfoUsingExcelTest -->
