<?xml version="1.0" encoding="UTF-8"?>
<!-- Generated by org.testng.reporters.JUnitReportReporter -->
<testsuite hostname="DESKTOP-Q7S0LT0" failures="0" tests="2" name="practice.testng.Assertions.HardAssetExample2" time="0.023" errors="0" timestamp="2024-10-07T13:13:47 IST" skipped="0">
  <testcase classname="practice.testng.Assertions.HardAssetExample2" name="homePageTest" time="0.020"/>
  <testcase classname="practice.testng.Assertions.HardAssetExample2" name="verifyLogoHomePageTest" time="0.003"/>
</testsuite> <!-- practice.testng.Assertions.HardAssetExample2 -->
