<?xml version="1.0" encoding="UTF-8"?>
<!-- Generated by org.testng.reporters.JUnitReportReporter -->
<testsuite hostname="DESKTOP-Q7S0LT0" failures="0" tests="2" name="practice.testng.Assertions.SoftAssertExampleWithValidInput" time="108.306" errors="0" timestamp="2024-10-07T13:24:47 IST" skipped="0">
  <testcase classname="practice.testng.Assertions.SoftAssertExampleWithValidInput" name="homePageTest" time="79.907"/>
  <testcase classname="practice.testng.Assertions.SoftAssertExampleWithValidInput" name="verifyLogoHomePageTest" time="28.399"/>
</testsuite> <!-- practice.testng.Assertions.SoftAssertExampleWithValidInput -->
