<?xml version="1.0" encoding="UTF-8"?>
<!-- Generated by org.testng.reporters.JUnitReportReporter -->
<testsuite hostname="DESKTOP-Q7S0LT0" failures="0" tests="3" name="practice.testng.priority.ContactTest" time="0.024" errors="0" timestamp="2024-10-03T18:02:49 IST" skipped="0">
  <testcase classname="practice.testng.priority.ContactTest" name="createContactTest" time="0.017"/>
  <testcase classname="practice.testng.priority.ContactTest" name="modifyContactTest" time="0.003"/>
  <testcase classname="practice.testng.priority.ContactTest" name="deleteContactTest" time="0.004"/>
</testsuite> <!-- practice.testng.priority.ContactTest -->
