<?xml version="1.0" encoding="UTF-8"?>
<!-- Generated by org.testng.reporters.JUnitReportReporter -->
<testsuite hostname="DESKTOP-Q7S0LT0" failures="0" tests="3" name="practice.testng.baseclass.listener.orgtest.CreateOrganizationTest" time="92.837" errors="0" timestamp="2024-10-08T15:24:03 IST" skipped="0">
  <testcase classname="practice.testng.baseclass.listener.orgtest.CreateOrganizationTest" name="createOrganizationWithPhoneNumberTest" time="39.872"/>
  <testcase classname="practice.testng.baseclass.listener.orgtest.CreateOrganizationTest" name="createOrganizationWithIndustriesTest" time="26.615"/>
  <testcase classname="practice.testng.baseclass.listener.orgtest.CreateOrganizationTest" name="createOrganizationTest" time="26.350"/>
</testsuite> <!-- practice.testng.baseclass.listener.orgtest.CreateOrganizationTest -->
