<?xml version="1.0" encoding="UTF-8"?>
<!-- Generated by org.testng.reporters.JUnitReportReporter -->
<testsuite hostname="DESKTOP-Q7S0LT0" failures="0" tests="3" name="practice.testng.baseclass.batchExecution.orgtest.CreateOrganizationTest" time="108.251" errors="0" timestamp="2024-10-08T11:15:04 IST" skipped="0">
  <testcase classname="practice.testng.baseclass.batchExecution.orgtest.CreateOrganizationTest" name="createOrganizationTest" time="23.368"/>
  <testcase classname="practice.testng.baseclass.batchExecution.orgtest.CreateOrganizationTest" name="createOrganizationWithIndustriesTest" time="60.121"/>
  <testcase classname="practice.testng.baseclass.batchExecution.orgtest.CreateOrganizationTest" name="createOrganizationWithPhoneNumberTest" time="24.762"/>
</testsuite> <!-- practice.testng.baseclass.batchExecution.orgtest.CreateOrganizationTest -->
