<?xml version="1.0" encoding="UTF-8"?>
<!-- Generated by org.testng.reporters.JUnitReportReporter -->
<testsuite hostname="DESKTOP-Q7S0LT0" failures="0" tests="3" name="practice.testng.baseclass.DistributedParallelExecution.contacttest.CreateContactTest" time="374.852" errors="0" timestamp="2024-10-08T13:32:55 IST" skipped="0">
  <testcase classname="practice.testng.baseclass.DistributedParallelExecution.contacttest.CreateContactTest" name="createContactWithSupportDateTest" time="23.459"/>
  <testcase classname="practice.testng.baseclass.DistributedParallelExecution.contacttest.CreateContactTest" name="createContactWithOrgTest" time="69.098"/>
  <testcase classname="practice.testng.baseclass.DistributedParallelExecution.contacttest.CreateContactTest" name="createContactTest" time="282.295"/>
</testsuite> <!-- practice.testng.baseclass.DistributedParallelExecution.contacttest.CreateContactTest -->
