<?xml version="1.0" encoding="UTF-8"?>
<!-- Generated by org.testng.reporters.JUnitReportReporter -->
<testsuite hostname="DESKTOP-Q7S0LT0" failures="0" tests="2" name="practice.testng.ConfigurationAnnotation.ConfigAnnotation4Test" time="0.020" errors="0" timestamp="2024-10-04T15:40:04 IST" skipped="0">
  <testcase classname="practice.testng.ConfigurationAnnotation.ConfigAnnotation4Test" name="createContact" time="0.016"/>
  <testcase classname="practice.testng.ConfigurationAnnotation.ConfigAnnotation4Test" name="createContactWithDate" time="0.004"/>
</testsuite> <!-- practice.testng.ConfigurationAnnotation.ConfigAnnotation4Test -->
