<?xml version="1.0" encoding="UTF-8"?>
<!-- Generated by org.testng.reporters.JUnitReportReporter -->
<testsuite hostname="DESKTOP-Q7S0LT0" failures="0" tests="2" name="practice.testng.ConfigurationAnnotation.ConfigAnnotation2Test" time="0.040" errors="0" timestamp="2024-10-04T15:38:17 IST" skipped="0">
  <testcase classname="practice.testng.ConfigurationAnnotation.ConfigAnnotation2Test" name="createContact" time="0.032"/>
  <testcase classname="practice.testng.ConfigurationAnnotation.ConfigAnnotation2Test" name="createContactWithDate" time="0.008"/>
</testsuite> <!-- practice.testng.ConfigurationAnnotation.ConfigAnnotation2Test -->
