<?xml version="1.0" encoding="UTF-8"?>
<!-- Generated by org.testng.reporters.JUnitReportReporter -->
<testsuite hostname="DESKTOP-Q7S0LT0" failures="0" tests="2" name="practice.testng.Assertions.HardAssetExample" time="44.067" errors="0" timestamp="2024-10-07T13:12:30 IST" skipped="0">
  <testcase classname="practice.testng.Assertions.HardAssetExample" name="homePageTest" time="23.875"/>
  <testcase classname="practice.testng.Assertions.HardAssetExample" name="verifyLogoHomePageTest" time="20.192"/>
</testsuite> <!-- practice.testng.Assertions.HardAssetExample -->
