<?xml version="1.0" encoding="UTF-8"?>
<!-- Generated by org.testng.reporters.JUnitReportReporter -->
<testsuite hostname="DESKTOP-Q7S0LT0" failures="0" tests="3" name="practice.testng.baseclass.assertions.contacttest.CreateContactTest" time="111.053" errors="0" timestamp="2024-10-08T10:29:42 IST" skipped="0">
  <testcase classname="practice.testng.baseclass.assertions.contacttest.CreateContactTest" name="createContactTest" time="44.623"/>
  <testcase classname="practice.testng.baseclass.assertions.contacttest.CreateContactTest" name="createContactWithSupportDateTest" time="23.408"/>
  <testcase classname="practice.testng.baseclass.assertions.contacttest.CreateContactTest" name="createContactWithOrgTest" time="43.022"/>
</testsuite> <!-- practice.testng.baseclass.assertions.contacttest.CreateContactTest -->
