<?xml version="1.0" encoding="UTF-8"?>
<!-- Generated by org.testng.reporters.JUnitReportReporter -->
<testsuite hostname="DESKTOP-Q7S0LT0" failures="0" tests="1" name="practice.testng.priority.ContactTest1" time="0.021" errors="0" timestamp="2024-10-03T18:07:17 IST" skipped="0">
  <testcase classname="practice.testng.priority.ContactTest1" name="createContactTest" time="0.021"/>
</testsuite> <!-- practice.testng.priority.ContactTest1 -->
