<?xml version="1.0" encoding="UTF-8"?>
<!-- Generated by org.testng.reporters.JUnitReportReporter -->
<testsuite hostname="DESKTOP-Q7S0LT0" failures="0" tests="2" name="practice.testng.ConfigurationAnnotation.ConfigAnnotationBCACTest" time="0.020" errors="0" timestamp="2024-10-04T15:39:32 IST" skipped="0">
  <testcase classname="practice.testng.ConfigurationAnnotation.ConfigAnnotationBCACTest" name="createContactWithDate" time="0.005"/>
  <testcase classname="practice.testng.ConfigurationAnnotation.ConfigAnnotationBCACTest" name="createContact" time="0.015"/>
</testsuite> <!-- practice.testng.ConfigurationAnnotation.ConfigAnnotationBCACTest -->
