<?xml version="1.0" encoding="UTF-8"?>
<!-- Generated by org.testng.reporters.JUnitReportReporter -->
<testsuite hostname="DESKTOP-Q7S0LT0" failures="0" tests="2" name="practice.testng.Assertions.SoftAssertMethodsWithValidValueExample" time="0.167" errors="0" timestamp="2024-10-07T13:22:31 IST" skipped="0">
  <testcase classname="practice.testng.Assertions.SoftAssertMethodsWithValidValueExample" name="verifyLogoHomePageTest" time="0.004"/>
  <testcase classname="practice.testng.Assertions.SoftAssertMethodsWithValidValueExample" name="homePageTest" time="0.163"/>
</testsuite> <!-- practice.testng.Assertions.SoftAssertMethodsWithValidValueExample -->
