<?xml version="1.0" encoding="UTF-8"?>
<!-- Generated by org.testng.reporters.JUnitReportReporter -->
<testsuite hostname="DESKTOP-Q7S0LT0" failures="0" tests="3" name="practice.testng.baseclass.simple.orgtest.CreateOrganizationTest" time="86.859" errors="0" timestamp="2024-10-08T15:19:11 IST" skipped="0">
  <testcase classname="practice.testng.baseclass.simple.orgtest.CreateOrganizationTest" name="createOrganizationTest" time="36.247"/>
  <testcase classname="practice.testng.baseclass.simple.orgtest.CreateOrganizationTest" name="createOrganizationWithIndustriesTest" time="26.776"/>
  <testcase classname="practice.testng.baseclass.simple.orgtest.CreateOrganizationTest" name="createOrganizationWithPhoneNumberTest" time="23.836"/>
</testsuite> <!-- practice.testng.baseclass.simple.orgtest.CreateOrganizationTest -->
