<?xml version="1.0" encoding="UTF-8"?>
<!-- Generated by org.testng.reporters.JUnitReportReporter -->
<testsuite hostname="DESKTOP-Q7S0LT0" failures="0" tests="1" name="practice.testng.Screenshots.SampleTestForScreenShot" time="128.179" errors="0" timestamp="2024-10-07T17:28:00 IST" skipped="0">
  <testcase classname="practice.testng.Screenshots.SampleTestForScreenShot" name="amazonTest" time="128.179"/>
</testsuite> <!-- practice.testng.Screenshots.SampleTestForScreenShot -->
