<?xml version="1.0" encoding="UTF-8"?>
<!-- Generated by org.testng.reporters.JUnitReportReporter -->
<testsuite hostname="DESKTOP-Q7S0LT0" failures="0" tests="3" name="practice.testng.baseclass.contacttestwithbatchExecution.CreateContactTest" time="225.279" errors="0" timestamp="2024-10-05T10:26:52 IST" skipped="0">
  <testcase classname="practice.testng.baseclass.contacttestwithbatchExecution.CreateContactTest" name="createContactTest" time="109.938"/>
  <testcase classname="practice.testng.baseclass.contacttestwithbatchExecution.CreateContactTest" name="createContactWithSupportDateTest" time="37.225"/>
  <testcase classname="practice.testng.baseclass.contacttestwithbatchExecution.CreateContactTest" name="createContactWithOrgTest" time="78.116"/>
</testsuite> <!-- practice.testng.baseclass.contacttestwithbatchExecution.CreateContactTest -->
