<?xml version="1.0" encoding="UTF-8"?>
<!-- Generated by org.testng.reporters.JUnitReportReporter -->
<testsuite hostname="DESKTOP-Q7S0LT0" failures="0" tests="3" name="practice.testng.baseclass.assertions.orgtest.CreateOrganizationTest" time="60.836" errors="0" timestamp="2024-10-08T10:29:42 IST" skipped="0">
  <testcase classname="practice.testng.baseclass.assertions.orgtest.CreateOrganizationTest" name="createOrganizationTest" time="16.895"/>
  <testcase classname="practice.testng.baseclass.assertions.orgtest.CreateOrganizationTest" name="createOrganizationWithIndustriesTest" time="28.774"/>
  <testcase classname="practice.testng.baseclass.assertions.orgtest.CreateOrganizationTest" name="createOrganizationWithPhoneNumberTest" time="15.167"/>
</testsuite> <!-- practice.testng.baseclass.assertions.orgtest.CreateOrganizationTest -->
