<?xml version="1.0" encoding="UTF-8"?>
<!-- Generated by org.testng.reporters.JUnitReportReporter -->
<testsuite hostname="DESKTOP-Q7S0LT0" failures="0" tests="2" name="com.crm.comcast.contacttest.CreateContactTest" time="0.017" errors="0" timestamp="2024-10-08T10:24:43 IST" skipped="0">
  <testcase classname="com.crm.comcast.contacttest.CreateContactTest" name="createContactWithDate" time="0.003"/>
  <testcase classname="com.crm.comcast.contacttest.CreateContactTest" name="createContact" time="0.014"/>
</testsuite> <!-- com.crm.comcast.contacttest.CreateContactTest -->
