<?xml version="1.0" encoding="UTF-8"?>
<!-- Generated by org.testng.reporters.JUnitReportReporter -->
<testsuite hostname="DESKTOP-Q7S0LT0" failures="0" tests="3" name="practice.testng.ContactTest" time="0.032" errors="0" timestamp="2024-10-03T18:00:01 IST" skipped="0">
  <testcase classname="practice.testng.ContactTest" name="createContactWithOrgTest" time="0.006"/>
  <testcase classname="practice.testng.ContactTest" name="createContactWithSupportDateTest" time="0.004"/>
  <testcase classname="practice.testng.ContactTest" name="createContactTest" time="0.022"/>
</testsuite> <!-- practice.testng.ContactTest -->
