<?xml version="1.0" encoding="UTF-8"?>
<!-- Generated by org.testng.reporters.JUnitReportReporter -->
<testsuite hostname="DESKTOP-Q7S0LT0" failures="0" tests="3" name="practice.testng.baseclass.groupexecution.contacttest.CreateContactTest" time="288.752" errors="0" timestamp="2024-10-08T15:02:53 IST" skipped="0">
  <testcase classname="practice.testng.baseclass.groupexecution.contacttest.CreateContactTest" name="createContactTest" time="88.504"/>
  <testcase classname="practice.testng.baseclass.groupexecution.contacttest.CreateContactTest" name="createContactWithSupportDateTest" time="147.979"/>
  <testcase classname="practice.testng.baseclass.groupexecution.contacttest.CreateContactTest" name="createContactWithOrgTest" time="52.269"/>
</testsuite> <!-- practice.testng.baseclass.groupexecution.contacttest.CreateContactTest -->
