<?xml version="1.0" encoding="UTF-8"?>
<!-- Generated by org.testng.reporters.JUnitReportReporter -->
<testsuite hostname="DESKTOP-Q7S0LT0" failures="0" tests="1" name="practice.testng.SampleTest" time="0.226" errors="0" timestamp="2024-10-03T17:32:51 IST" skipped="0">
  <testcase classname="practice.testng.SampleTest" name="test1" time="0.226"/>
</testsuite> <!-- practice.testng.SampleTest -->
