<?xml version="1.0" encoding="UTF-8"?>
<!-- Generated by org.testng.reporters.JUnitReportReporter -->
<testsuite hostname="DESKTOP-Q7S0LT0" failures="0" tests="3" name="practice.testng.baseclass.orgtestwithbatchExecution.CreateOrganizationTest" time="131.347" errors="0" timestamp="2024-10-05T10:26:52 IST" skipped="0">
  <testcase classname="practice.testng.baseclass.orgtestwithbatchExecution.CreateOrganizationTest" name="createOrganizationWithIndustriesTest" time="37.653"/>
  <testcase classname="practice.testng.baseclass.orgtestwithbatchExecution.CreateOrganizationTest" name="createOrganizationTest" time="40.884"/>
  <testcase classname="practice.testng.baseclass.orgtestwithbatchExecution.CreateOrganizationTest" name="createOrganizationWithPhoneNumberTest" time="52.810"/>
</testsuite> <!-- practice.testng.baseclass.orgtestwithbatchExecution.CreateOrganizationTest -->
