<?xml version="1.0" encoding="UTF-8"?>
<!-- Generated by org.testng.reporters.JUnitReportReporter -->
<testsuite hostname="DESKTOP-Q7S0LT0" failures="0" tests="3" name="practice.testng.baseclass.orgtest.CreateOrganizationTest" time="124.429" errors="0" timestamp="2024-10-04T18:17:43 IST" skipped="0">
  <testcase classname="practice.testng.baseclass.orgtest.CreateOrganizationTest" name="createOrganizationWithPhoneNumberTest" time="19.026"/>
  <testcase classname="practice.testng.baseclass.orgtest.CreateOrganizationTest" name="createOrganizationWithIndustriesTest" time="51.842"/>
  <testcase classname="practice.testng.baseclass.orgtest.CreateOrganizationTest" name="createOrganizationTest" time="53.561"/>
</testsuite> <!-- practice.testng.baseclass.orgtest.CreateOrganizationTest -->
