<?xml version="1.0" encoding="UTF-8"?>
<!-- Generated by org.testng.reporters.JUnitReportReporter -->
<testsuite hostname="DESKTOP-Q7S0LT0" failures="0" tests="3" name="practice.testng.CreateContactTest" time="0.032" errors="0" timestamp="2024-10-03T17:39:45 IST" skipped="0">
  <testcase classname="practice.testng.CreateContactTest" name="login" time="0.006"/>
  <testcase classname="practice.testng.CreateContactTest" name="navigateToContactTest" time="0.006"/>
  <testcase classname="practice.testng.CreateContactTest" name="createContactTest" time="0.020"/>
</testsuite> <!-- practice.testng.CreateContactTest -->
