<?xml version="1.0" encoding="UTF-8"?>
<!-- Generated by org.testng.reporters.JUnitReportReporter -->
<testsuite hostname="DESKTOP-Q7S0LT0" failures="0" tests="3" name="practice.testng.baseclass.batchExecution.contacttest.CreateContactTest" time="189.250" errors="0" timestamp="2024-10-08T11:15:04 IST" skipped="0">
  <testcase classname="practice.testng.baseclass.batchExecution.contacttest.CreateContactTest" name="createContactTest" time="103.268"/>
  <testcase classname="practice.testng.baseclass.batchExecution.contacttest.CreateContactTest" name="createContactWithSupportDateTest" time="28.466"/>
  <testcase classname="practice.testng.baseclass.batchExecution.contacttest.CreateContactTest" name="createContactWithOrgTest" time="57.516"/>
</testsuite> <!-- practice.testng.baseclass.batchExecution.contacttest.CreateContactTest -->
